FILE_TYPE=LIBRARY_PARTS;
PRIMITIVE '12_22SURSYGC_S530_A2_TR8';
  PIN
    '+':
      PIN_NUMBER='(A1)';
      NO_LOAD_CHECK=BOTH;
      NO_IO_CHECK=BOTH;
      ALLOW_CONNECT=TRUE;
      PINUSE='UNSPEC';
    '-_1':
      PIN_NUMBER='(C1)';
      NO_LOAD_CHECK=BOTH;
      NO_IO_CHECK=BOTH;
      ALLOW_CONNECT=TRUE;
      PINUSE='UNSPEC';
    '-_2':
      PIN_NUMBER='(C2)';
      NO_LOAD_CHECK=BOTH;
      NO_IO_CHECK=BOTH;
      ALLOW_CONNECT=TRUE;
      PINUSE='UNSPEC';
  END_PIN;
  BODY
    PART_NAME='12_22SURSYGC_S530_A2_TR8';
    PHYS_DES_PREFIX='LED';
    NO_LOAD_CHECK='TRUE';
    PIN_COUNT='3';
    BODY_NAME='12_22SURSYGC_S530_A2_TR8';
    JEDEC_TYPE='1222SURSYGCS530A2TR8';
  END_BODY;
END_PRIMITIVE;
END.
